2023/05/19 18:09:26 [emerg] 1#1: host not found in upstream "php" in /etc/nginx/conf.d/default.conf:9
2023/05/19 18:12:31 [notice] 1#1: using the "epoll" event method
2023/05/19 18:12:31 [notice] 1#1: nginx/1.23.4
2023/05/19 18:12:31 [notice] 1#1: built by gcc 12.2.1 20220924 (Alpine 12.2.1_git20220924-r4) 
2023/05/19 18:12:31 [notice] 1#1: OS: Linux 5.15.0-71-generic
2023/05/19 18:12:31 [notice] 1#1: getrlimit(RLIMIT_NOFILE): 1048576:1048576
2023/05/19 18:12:31 [notice] 1#1: start worker processes
2023/05/19 18:12:31 [notice] 1#1: start worker process 28
2023/05/19 18:12:58 [notice] 1#1: signal 3 (SIGQUIT) received, shutting down
2023/05/19 18:12:58 [notice] 28#28: gracefully shutting down
2023/05/19 18:12:58 [notice] 28#28: exiting
2023/05/19 18:12:58 [notice] 28#28: exit
2023/05/19 18:12:58 [notice] 1#1: signal 17 (SIGCHLD) received from 28
2023/05/19 18:12:58 [notice] 1#1: worker process 28 exited with code 0
2023/05/19 18:12:58 [notice] 1#1: exit
2023/05/19 18:13:15 [notice] 1#1: using the "epoll" event method
2023/05/19 18:13:15 [notice] 1#1: nginx/1.23.4
2023/05/19 18:13:15 [notice] 1#1: built by gcc 12.2.1 20220924 (Alpine 12.2.1_git20220924-r4) 
2023/05/19 18:13:15 [notice] 1#1: OS: Linux 5.15.0-71-generic
2023/05/19 18:13:15 [notice] 1#1: getrlimit(RLIMIT_NOFILE): 1048576:1048576
2023/05/19 18:13:15 [notice] 1#1: start worker processes
2023/05/19 18:13:15 [notice] 1#1: start worker process 28
2023/05/19 18:15:52 [notice] 1#1: signal 3 (SIGQUIT) received, shutting down
2023/05/19 18:15:52 [notice] 28#28: gracefully shutting down
2023/05/19 18:15:52 [notice] 28#28: exiting
2023/05/19 18:15:52 [notice] 28#28: exit
2023/05/19 18:15:52 [notice] 1#1: signal 17 (SIGCHLD) received from 28
2023/05/19 18:15:52 [notice] 1#1: worker process 28 exited with code 0
2023/05/19 18:15:52 [notice] 1#1: exit
2023/05/19 18:31:56 [notice] 1#1: using the "epoll" event method
2023/05/19 18:31:56 [notice] 1#1: nginx/1.23.4
2023/05/19 18:31:56 [notice] 1#1: built by gcc 10.2.1 20210110 (Debian 10.2.1-6) 
2023/05/19 18:31:56 [notice] 1#1: OS: Linux 5.15.0-71-generic
2023/05/19 18:31:56 [notice] 1#1: getrlimit(RLIMIT_NOFILE): 1048576:1048576
2023/05/19 18:31:56 [notice] 1#1: start worker processes
2023/05/19 18:31:56 [notice] 1#1: start worker process 29
2023/05/19 18:41:20 [notice] 1#1: using the "epoll" event method
2023/05/19 18:41:20 [notice] 1#1: nginx/1.23.4
2023/05/19 18:41:20 [notice] 1#1: built by gcc 12.2.1 20220924 (Alpine 12.2.1_git20220924-r4) 
2023/05/19 18:41:20 [notice] 1#1: OS: Linux 5.15.0-71-generic
2023/05/19 18:41:20 [notice] 1#1: getrlimit(RLIMIT_NOFILE): 1048576:1048576
2023/05/19 18:41:20 [notice] 1#1: start worker processes
2023/05/19 18:41:20 [notice] 1#1: start worker process 29
2023/05/19 18:43:43 [error] 29#29: *4 open() "/var/www/html/favicon.ico" failed (2: No such file or directory), client: 10.0.0.2, server: , request: "GET /favicon.ico HTTP/1.1", host: "127.0.0.1", referrer: "http://127.0.0.1/"
